# JRE version: Java(TM) SE Runtime Environment (8.0_261-b12) (build 1.8.0_261-b12)
# Java VM: Java HotSpot(TM) 64-Bit Server VM (25.261-b12 mixed mode windows-amd64 compressed oops)
Heap:
 PSYoungGen      total 601088K, used 440562K [0x000000076bb00000, 0x0000000792080000, 0x00000007c0000000)
  eden space 573952K, 76% used [0x000000076bb00000,0x00000007868dc858,0x000000078eb80000)
  from space 27136K, 1% used [0x000000078eb80000,0x000000078ebe0000,0x0000000790600000)
  to   space 22016K, 0% used [0x0000000790b00000,0x0000000790b00000,0x0000000792080000)
 ParOldGen       total 236544K, used 149555K [0x00000006c3000000, 0x00000006d1700000, 0x000000076bb00000)
  object space 236544K, 63% used [0x00000006c3000000,0x00000006cc20ccd8,0x00000006d1700000)
 Metaspace       used 42790K, capacity 45258K, committed 45440K, reserved 1089536K
  class space    used 5272K, capacity 6215K, committed 6272K, reserved 1048576K
GC Heap History (10 events):
Event: 7.221 GC heap before
{Heap before GC invocations=21 (full 2):
 PSYoungGen      total 497152K, used 469952K [0x000000076bb00000, 0x000000078bf80000, 0x00000007c0000000)
  eden space 468480K, 100% used [0x000000076bb00000,0x0000000788480000,0x0000000788480000)
  from space 28672K, 5% used [0x000000078a380000,0x000000078a4f0000,0x000000078bf80000)
  to   space 30208K, 0% used [0x0000000788480000,0x0000000788480000,0x000000078a200000)
 ParOldGen       total 236544K, used 129516K [0x00000006c3000000, 0x00000006d1700000, 0x000000076bb00000)
  object space 236544K, 54% used [0x00000006c3000000,0x00000006cae7b168,0x00000006d1700000)
 Metaspace       used 41846K, capacity 44216K, committed 44416K, reserved 1087488K
  class space    used 5208K, capacity 6148K, committed 6272K, reserved 1048576K
Event: 7.226 GC heap after
Heap after GC invocations=21 (full 2):
 PSYoungGen      total 498688K, used 6596K [0x000000076bb00000, 0x0000000792480000, 0x00000007c0000000)
  eden space 468480K, 0% used [0x000000076bb00000,0x000000076bb00000,0x0000000788480000)
  from space 30208K, 21% used [0x0000000788480000,0x0000000788af12a0,0x000000078a200000)
  to   space 26112K, 0% used [0x0000000790b00000,0x0000000790b00000,0x0000000792480000)
 ParOldGen       total 236544K, used 130260K [0x00000006c3000000, 0x00000006d1700000, 0x000000076bb00000)
  object space 236544K, 55% used [0x00000006c3000000,0x00000006caf35168,0x00000006d1700000)
 Metaspace       used 41846K, capacity 44216K, committed 44416K, reserved 1087488K
  class space    used 5208K, capacity 6148K, committed 6272K, reserved 1048576K
}
Event: 7.874 GC heap before
{Heap before GC invocations=22 (full 2):
 PSYoungGen      total 498688K, used 475076K [0x000000076bb00000, 0x0000000792480000, 0x00000007c0000000)
  eden space 468480K, 100% used [0x000000076bb00000,0x0000000788480000,0x0000000788480000)
  from space 30208K, 21% used [0x0000000788480000,0x0000000788af12a0,0x000000078a200000)
  to   space 26112K, 0% used [0x0000000790b00000,0x0000000790b00000,0x0000000792480000)
 ParOldGen       total 236544K, used 130260K [0x00000006c3000000, 0x00000006d1700000, 0x000000076bb00000)
  object space 236544K, 55% used [0x00000006c3000000,0x00000006caf35168,0x00000006d1700000)
 Metaspace       used 42265K, capacity 44632K, committed 44928K, reserved 1087488K
  class space    used 5231K, capacity 6180K, committed 6272K, reserved 1048576K
Event: 7.884 GC heap after
Heap after GC invocations=22 (full 2):
 PSYoungGen      total 595968K, used 14890K [0x000000076bb00000, 0x0000000792080000, 0x00000007c0000000)
  eden space 573952K, 0% used [0x000000076bb00000,0x000000076bb00000,0x000000078eb80000)
  from space 22016K, 67% used [0x0000000790b00000,0x000000079198aa20,0x0000000792080000)
  to   space 27136K, 0% used [0x000000078eb80000,0x000000078eb80000,0x0000000790600000)
 ParOldGen       total 236544K, used 134976K [0x00000006c3000000, 0x00000006d1700000, 0x000000076bb00000)
  object space 236544K, 57% used [0x00000006c3000000,0x00000006cb3d01b8,0x00000006d1700000)
 Metaspace       used 42265K, capacity 44632K, committed 44928K, reserved 1087488K
  class space    used 5231K, capacity 6180K, committed 6272K, reserved 1048576K
}
Event: 7.935 GC heap before
{Heap before GC invocations=23 (full 2):
 PSYoungGen      total 595968K, used 588842K [0x000000076bb00000, 0x0000000792080000, 0x00000007c0000000)
  eden space 573952K, 100% used [0x000000076bb00000,0x000000078eb80000,0x000000078eb80000)
  from space 22016K, 67% used [0x0000000790b00000,0x000000079198aa20,0x0000000792080000)
  to   space 27136K, 0% used [0x000000078eb80000,0x000000078eb80000,0x0000000790600000)
 ParOldGen       total 236544K, used 134976K [0x00000006c3000000, 0x00000006d1700000, 0x000000076bb00000)
  object space 236544K, 57% used [0x00000006c3000000,0x00000006cb3d01b8,0x00000006d1700000)
 Metaspace       used 42274K, capacity 44696K, committed 44928K, reserved 1087488K
  class space    used 5231K, capacity 6180K, committed 6272K, reserved 1048576K
Event: 7.942 GC heap after
Heap after GC invocations=23 (full 2):
 PSYoungGen      total 601088K, used 352K [0x000000076bb00000, 0x0000000792080000, 0x00000007c0000000)
  eden space 573952K, 0% used [0x000000076bb00000,0x000000076bb00000,0x000000078eb80000)
  from space 27136K, 1% used [0x000000078eb80000,0x000000078ebd8000,0x0000000790600000)
  to   space 22016K, 0% used [0x0000000790b00000,0x0000000790b00000,0x0000000792080000)
 ParOldGen       total 236544K, used 149523K [0x00000006c3000000, 0x00000006d1700000, 0x000000076bb00000)
  object space 236544K, 63% used [0x00000006c3000000,0x00000006cc204cd8,0x00000006d1700000)
 Metaspace       used 42274K, capacity 44696K, committed 44928K, reserved 1087488K
  class space    used 5231K, capacity 6180K, committed 6272K, reserved 1048576K
}
Event: 7.983 GC heap before
{Heap before GC invocations=24 (full 2):
 PSYoungGen      total 601088K, used 574304K [0x000000076bb00000, 0x0000000792080000, 0x00000007c0000000)
  eden space 573952K, 100% used [0x000000076bb00000,0x000000078eb80000,0x000000078eb80000)
  from space 27136K, 1% used [0x000000078eb80000,0x000000078ebd8000,0x0000000790600000)
  to   space 22016K, 0% used [0x0000000790b00000,0x0000000790b00000,0x0000000792080000)
 ParOldGen       total 236544K, used 149523K [0x00000006c3000000, 0x00000006d1700000, 0x000000076bb00000)
  object space 236544K, 63% used [0x00000006c3000000,0x00000006cc204cd8,0x00000006d1700000)
 Metaspace       used 42282K, capacity 44696K, committed 44928K, reserved 1087488K
  class space    used 5231K, capacity 6180K, committed 6272K, reserved 1048576K
Event: 7.985 GC heap after
Heap after GC invocations=24 (full 2):
 PSYoungGen      total 595968K, used 448K [0x000000076bb00000, 0x0000000792080000, 0x00000007c0000000)
  eden space 573952K, 0% used [0x000000076bb00000,0x000000076bb00000,0x000000078eb80000)
  from space 22016K, 2% used [0x0000000790b00000,0x0000000790b70000,0x0000000792080000)
  to   space 27136K, 0% used [0x000000078eb80000,0x000000078eb80000,0x0000000790600000)
 ParOldGen       total 236544K, used 149539K [0x00000006c3000000, 0x00000006d1700000, 0x000000076bb00000)
  object space 236544K, 63% used [0x00000006c3000000,0x00000006cc208cd8,0x00000006d1700000)
 Metaspace       used 42282K, capacity 44696K, committed 44928K, reserved 1087488K
  class space    used 5231K, capacity 6180K, committed 6272K, reserved 1048576K
}
Event: 8.018 GC heap before
{Heap before GC invocations=25 (full 2):
 PSYoungGen      total 595968K, used 574400K [0x000000076bb00000, 0x0000000792080000, 0x00000007c0000000)
  eden space 573952K, 100% used [0x000000076bb00000,0x000000078eb80000,0x000000078eb80000)
  from space 22016K, 2% used [0x0000000790b00000,0x0000000790b70000,0x0000000792080000)
  to   space 27136K, 0% used [0x000000078eb80000,0x000000078eb80000,0x0000000790600000)
 ParOldGen       total 236544K, used 149539K [0x00000006c3000000, 0x00000006d1700000, 0x000000076bb00000)
  object space 236544K, 63% used [0x00000006c3000000,0x00000006cc208cd8,0x00000006d1700000)
 Metaspace       used 42286K, capacity 44696K, committed 44928K, reserved 1087488K
  class space    used 5231K, capacity 6180K, committed 6272K, reserved 1048576K
Event: 8.020 GC heap after
Heap after GC invocations=25 (full 2):
 PSYoungGen      total 601088K, used 384K [0x000000076bb00000, 0x0000000792080000, 0x00000007c0000000)
  eden space 573952K, 0% used [0x000000076bb00000,0x000000076bb00000,0x000000078eb80000)
  from space 27136K, 1% used [0x000000078eb80000,0x000000078ebe0000,0x0000000790600000)
  to   space 22016K, 0% used [0x0000000790b00000,0x0000000790b00000,0x0000000792080000)
 ParOldGen       total 236544K, used 149555K [0x00000006c3000000, 0x00000006d1700000, 0x000000076bb00000)
  object space 236544K, 63% used [0x00000006c3000000,0x00000006cc20ccd8,0x00000006d1700000)
 Metaspace       used 42286K, capacity 44696K, committed 44928K, reserved 1087488K
  class space    used 5231K, capacity 6180K, committed 6272K, reserved 1048576K
}

